<?xml version="1.0" encoding="UTF-8"?>
<!-- Generated by org.testng.reporters.JUnitReportReporter -->
<testsuite hostname="LAPTOP-VS7KIEAR" name="com.training.sanity.tests.TC10" tests="1" failures="0" timestamp="9 Apr 2020 11:52:54 GMT" time="72.845" errors="0">
  <testcase name="search" time="72.845" classname="com.training.sanity.tests.TC10"/>
</testsuite> <!-- com.training.sanity.tests.TC10 -->
