<?xml version="1.0" encoding="UTF-8"?>
<!-- Generated by org.testng.reporters.JUnitReportReporter -->
<testsuite hostname="LAPTOP-VS7KIEAR" name="com.training.sanity.tests.LoginTests" tests="1" failures="0" timestamp="8 Apr 2020 04:32:01 GMT" time="44.658" errors="0">
  <testcase name="validLoginTest" time="44.658" classname="com.training.sanity.tests.LoginTests"/>
</testsuite> <!-- com.training.sanity.tests.LoginTests -->
