<?xml version="1.0" encoding="UTF-8"?>
<!-- Generated by org.testng.reporters.JUnitReportReporter -->
<testsuite hostname="LAPTOP-VS7KIEAR" name="com.training.sanity.tests.TC40" tests="1" failures="0" timestamp="11 Apr 2020 16:51:12 GMT" time="82.322" errors="0">
  <testcase name="search" time="82.322" classname="com.training.sanity.tests.TC40"/>
</testsuite> <!-- com.training.sanity.tests.TC40 -->
