<?xml version="1.0" encoding="UTF-8"?>
<!-- Generated by org.testng.reporters.JUnitReportReporter -->
<testsuite hostname="LAPTOP-VS7KIEAR" name="com.training.sanity.tests.TC12" tests="1" failures="0" timestamp="10 Apr 2020 09:23:37 GMT" time="30.983" errors="0">
  <testcase name="lostpassword" time="30.983" classname="com.training.sanity.tests.TC12"/>
</testsuite> <!-- com.training.sanity.tests.TC12 -->
