<?xml version="1.0" encoding="UTF-8"?>
<!-- Generated by org.testng.reporters.JUnitReportReporter -->
<testsuite hostname="LAPTOP-VS7KIEAR" name="com.training.sanity.tests.TC11" tests="1" failures="0" timestamp="14 Apr 2020 05:11:11 GMT" time="88.261" errors="0">
  <testcase name="search" time="88.261" classname="com.training.sanity.tests.TC11"/>
</testsuite> <!-- com.training.sanity.tests.TC11 -->
